
synthesis -f "semafor1_impl1_lattice.synproj"
synthesis:  version Diamond (64-bit) 3.13.0.56.2

Copyright (c) 1991-1994 by NeoCAD Inc. All rights reserved.
Copyright (c) 1995 AT&T Corp.   All rights reserved.
Copyright (c) 1995-2001 Lucent Technologies Inc.  All rights reserved.
Copyright (c) 2001 Agere Systems   All rights reserved.
Copyright (c) 2002-2023 Lattice Semiconductor Corporation,  All rights reserved.
Wed Jan 24 17:10:29 2024


Command Line:  synthesis -f semafor1_impl1_lattice.synproj -gui -msgset A:/FACULTATE/PED/SEMAFOR/promote.xml 

    <postMsg mid="35002000" type="Info"    dynamic="0" navigation="0"  />
Synthesis options:
The -a option is MachXO3LF.
The -s option is 6.
The -t option is CABGA256.
The -d option is LCMXO3LF-6900C.
Using package CABGA256.
Using performance grade 6.
                                                          

##########################################################

### Lattice Family : MachXO3LF

### Device  : LCMXO3LF-6900C

### Package : CABGA256

### Speed   : 6

##########################################################

                                                          

    <postMsg mid="35001781" type="Info"    dynamic="0" navigation="0"  />
Optimization goal = Balanced
Top-level module name = semafor1.
Target frequency = 200.000000 MHz.
Maximum fanout = 1000.
Timing path count = 3
BRAM utilization = 100.000000 %
DSP usage = true
DSP utilization = 100.000000 %
fsm_encoding_style = auto
resolve_mixed_drivers = 0
fix_gated_clocks = 1

Mux style = Auto
Use Carry Chain = true
carry_chain_length = 0
Loop Limit = 1950.
Use IO Insertion = TRUE
Use IO Reg = AUTO

Resource Sharing = TRUE
Propagate Constants = TRUE
Remove Duplicate Registers = TRUE
force_gsr = auto
ROM style = auto
RAM style = auto
The -comp option is FALSE.
The -syn option is FALSE.
-p A:/FACULTATE/PED/SEMAFOR (searchpath added)
-p A:/FACULTATE/PED/diamond/3.13/ispfpga/xo3c00f/data (searchpath added)
-p A:/FACULTATE/PED/SEMAFOR/impl1 (searchpath added)
-p A:/FACULTATE/PED/SEMAFOR (searchpath added)
Verilog design file = A:/FACULTATE/PED/SEMAFOR/impl1/source/semafor1.v
NGD file = semafor1_impl1.ngd
-sdc option: SDC file input not used.
-lpf option: Output file option is ON.
Hardtimer checking is enabled (default). The -dt option is not used.
The -r option is OFF. [ Remove LOC Properties is OFF. ]
Technology check ok...

Analyzing Verilog file A:/FACULTATE/PED/diamond/3.13/ispfpga/userware/NT/SYNTHESIS_HEADERS/machxo3l.v. VERI-1482
Compile design.
Compile Design Begin
Analyzing Verilog file a:/facultate/ped/semafor/impl1/source/semafor1.v. VERI-1482
Analyzing Verilog file A:/FACULTATE/PED/diamond/3.13/ispfpga/userware/NT/SYNTHESIS_HEADERS/machxo3l.v. VERI-1482
Top module name (Verilog): semafor1
    <postMsg mid="35901018" type="Info"    dynamic="2" navigation="2" arg0="a:/facultate/ped/semafor/impl1/source/semafor1.v(1): " arg1="semafor1" arg2="a:/facultate/ped/semafor/impl1/source/semafor1.v" arg3="1"  />
Last elaborated design is semafor1()
Loading NGL library 'A:/FACULTATE/PED/diamond/3.13/ispfpga/xo2c00a/data/xo2alib.ngl'...
Loading NGL library 'A:/FACULTATE/PED/diamond/3.13/ispfpga/xo2c00/data/xo2clib.ngl'...
Loading NGL library 'A:/FACULTATE/PED/diamond/3.13/ispfpga/mg5g00/data/mg5glib.ngl'...
Loading NGL library 'A:/FACULTATE/PED/diamond/3.13/ispfpga/or5g00/data/orc5glib.ngl'...
Loading device for application map from file 'xo3c6900.nph' in environment: A:/FACULTATE/PED/diamond/3.13/ispfpga.
Package Status:                     Final          Version 1.17.
Top-level module name = semafor1.



    <postMsg mid="35935013" type="Warning" dynamic="2" navigation="2" arg0="a:/facultate/ped/semafor/impl1/source/semafor1.v(80): " arg1="next_state_i0_i2" arg2="a:/facultate/ped/semafor/impl1/source/semafor1.v" arg3="80"  />
GSR instance connected to net rst_n_c.
Applying 200.000000 MHz constraint to all clocks

    <postMsg mid="35001611" type="Warning" dynamic="0" navigation="0"  />
Results of NGD DRC are available in semafor1_drc.log.
Loading NGL library 'A:/FACULTATE/PED/diamond/3.13/ispfpga/xo2c00a/data/xo2alib.ngl'...
Loading NGL library 'A:/FACULTATE/PED/diamond/3.13/ispfpga/xo2c00/data/xo2clib.ngl'...
Loading NGL library 'A:/FACULTATE/PED/diamond/3.13/ispfpga/mg5g00/data/mg5glib.ngl'...
Loading NGL library 'A:/FACULTATE/PED/diamond/3.13/ispfpga/or5g00/data/orc5glib.ngl'...


Running DRC...

DRC complete with no errors or warnings

Design Results:
    116 blocks expanded
completed the first expansion
All blocks are expanded and NGD expansion is successful.
Writing NGD file semafor1_impl1.ngd.

################### Begin Area Report (semafor1)######################
Number of register bits => 37 of 7485 (0 % )
CCU2D => 17
FD1P3AX => 22
FD1P3IX => 15
GSR => 1
IB => 3
LUT4 => 47
OB => 8
################### End Area Report ##################

################### Begin BlackBox Report ######################
TSALL => 1
################### End BlackBox Report ##################

################### Begin Clock Report ######################
Clock Nets
Number of Clocks: 1
  Net : clk_c, loads : 37
Clock Enable Nets
Number of Clock Enables: 5
Top 5 highest fanout Clock Enables:
  Net : clk_c_enable_37, loads : 32
  Net : clk_c_enable_17, loads : 2
  Net : clk_c_enable_10, loads : 1
  Net : clk_c_enable_29, loads : 1
  Net : clk_c_enable_34, loads : 1
Highest fanout non-clock nets
Top 10 highest fanout non-clock nets:
  Net : clk_c_enable_37, loads : 32
  Net : current_state_1, loads : 30
  Net : n63, loads : 25
  Net : current_state_0, loads : 24
  Net : n897, loads : 15
  Net : rst_n_c, loads : 6
  Net : btn_c, loads : 6
  Net : n1117, loads : 3
  Net : timer_31, loads : 2
  Net : timer_30, loads : 2
################### End Clock Report ##################

Timing Report Summary
--------------
--------------------------------------------------------------------------------
Constraint                              |   Constraint|       Actual|Levels
--------------------------------------------------------------------------------
                                        |             |             |
create_clock -period 5.000000 -name     |             |             |
clk0 [get_nets clk_c]                   |  200.000 MHz|  122.444 MHz|     6 *
                                        |             |             |
--------------------------------------------------------------------------------


1 constraints not met.


Peak Memory Usage: 61.410  MB

--------------------------------------------------------------
Elapsed CPU time for LSE flow : 0.531  secs
--------------------------------------------------------------

map -a "MachXO3LF" -p LCMXO3LF-6900C -t CABGA256 -s 6 -oc Industrial   "semafor1_impl1.ngd" -o "semafor1_impl1_map.ncd" -pr "semafor1_impl1.prf" -mp "semafor1_impl1.mrp" -lpf "A:/FACULTATE/PED/SEMAFOR/impl1/semafor1_impl1.lpf" -lpf "A:/FACULTATE/PED/SEMAFOR/semafor1.lpf"  -c 0           
map:  version Diamond (64-bit) 3.13.0.56.2

Copyright (c) 1991-1994 by NeoCAD Inc. All rights reserved.
Copyright (c) 1995 AT&T Corp.   All rights reserved.
Copyright (c) 1995-2001 Lucent Technologies Inc.  All rights reserved.
Copyright (c) 2001 Agere Systems   All rights reserved.
Copyright (c) 2002-2023 Lattice Semiconductor Corporation,  All rights reserved.
   Process the file: semafor1_impl1.ngd
   Picdevice="LCMXO3LF-6900C"

   Pictype="CABGA256"

   Picspeed=6

   Remove unused logic

   Do not produce over sized NCDs.

Part used: LCMXO3LF-6900CCABGA256, Performance used: 6.

Loading device for application map from file 'xo3c6900.nph' in environment: A:/FACULTATE/PED/diamond/3.13/ispfpga.
Package Status:                     Final          Version 1.17.

Running general design DRC...

Removing unused logic...

Optimizing...




Design Summary:
   Number of registers:     37 out of  7485 (0%)
      PFU registers:           37 out of  6864 (1%)
      PIO registers:            0 out of   621 (0%)
   Number of SLICEs:        41 out of  3432 (1%)
      SLICEs as Logic/ROM:     41 out of  3432 (1%)
      SLICEs as RAM:            0 out of  2574 (0%)
      SLICEs as Carry:         17 out of  3432 (0%)
   Number of LUT4s:         82 out of  6864 (1%)
      Number used as logic LUTs:         48
      Number used as distributed RAM:     0
      Number used as ripple logic:       34
      Number used as shift registers:     0
   Number of PIO sites used: 11 + 4(JTAG) out of 207 (7%)
   Number of block RAMs:  0 out of 26 (0%)
   Number of GSRs:        1 out of 1 (100%)
   EFB used :        No
   JTAG used :       No
   Readback used :   No
   Oscillator used : No
   Startup used :    No
   POR :             On
   Bandgap :         On
   Number of Power Controller:  0 out of 1 (0%)
   Number of Dynamic Bank Controller (BCINRD):  0 out of 6 (0%)
   Number of Dynamic Bank Controller (BCLVDSO):  0 out of 1 (0%)
   Number of DCCA:  0 out of 8 (0%)
   Number of DCMA:  0 out of 2 (0%)
   Number of PLLs:  0 out of 2 (0%)
   Number of DQSDLLs:  0 out of 2 (0%)
   Number of CLKDIVC:  0 out of 4 (0%)
   Number of ECLKSYNCA:  0 out of 4 (0%)
   Number of ECLKBRIDGECS:  0 out of 2 (0%)
   Notes:-
      1. Total number of LUT4s = (Number of logic LUT4s) + 2*(Number of distributed RAMs) + 2*(Number of ripple logic)
      2. Number of logic LUT4s does not include count of distributed RAM and ripple logic.
   Number of clocks:  1
     Net clk_c: 23 loads, 23 rising, 0 falling (Driver: PIO clk )
   Number of Clock Enables:  5
     Net clk_c_enable_37: 19 loads, 19 LSLICEs
     Net clk_c_enable_17: 1 loads, 1 LSLICEs
     Net clk_c_enable_10: 1 loads, 1 LSLICEs
     Net clk_c_enable_29: 1 loads, 1 LSLICEs
     Net clk_c_enable_34: 1 loads, 1 LSLICEs
   Number of LSRs:  1
     Net n897: 10 loads, 10 LSLICEs
   Number of nets driven by tri-state buffers:  0
   Top 10 highest fanout non-clock nets:
     Net current_state_1: 30 loads
     Net n63: 25 loads
     Net current_state_0: 24 loads
     Net clk_c_enable_37: 19 loads
     Net n897: 10 loads
     Net btn_c: 6 loads
     Net rst_n_c: 6 loads
     Net n1117: 3 loads
     Net CHECK: 2 loads
     Net timer_13: 2 loads
 

   Number of warnings:  0
   Number of errors:    0



Total CPU Time: 0 secs  
Total REAL Time: 0 secs  
Peak Memory Usage: 58 MB

Dumping design to file semafor1_impl1_map.ncd.

ncd2vdb "semafor1_impl1_map.ncd" ".vdbs/semafor1_impl1_map.vdb"

Loading device for application ncd2vdb from file 'xo3c6900.nph' in environment: A:/FACULTATE/PED/diamond/3.13/ispfpga.

trce -f "semafor1_impl1.mt" -o "semafor1_impl1.tw1" "semafor1_impl1_map.ncd" "semafor1_impl1.prf"
trce:  version Diamond (64-bit) 3.13.0.56.2

Copyright (c) 1991-1994 by NeoCAD Inc. All rights reserved.
Copyright (c) 1995 AT&T Corp.   All rights reserved.
Copyright (c) 1995-2001 Lucent Technologies Inc.  All rights reserved.
Copyright (c) 2001 Agere Systems   All rights reserved.
Copyright (c) 2002-2023 Lattice Semiconductor Corporation,  All rights reserved.

Loading design for application trce from file semafor1_impl1_map.ncd.
Design name: semafor1
NCD version: 3.3
Vendor:      LATTICE
Device:      LCMXO3LF-6900C
Package:     CABGA256
Performance: 6
Loading device for application trce from file 'xo3c6900.nph' in environment: A:/FACULTATE/PED/diamond/3.13/ispfpga.
Package Status:                     Final          Version 1.17.
Performance Hardware Data Status:   Final          Version 37.5.
Setup and Hold Report

--------------------------------------------------------------------------------
Lattice TRACE Report - Setup, Version Diamond (64-bit) 3.13.0.56.2
Wed Jan 24 17:10:31 2024

Copyright (c) 1991-1994 by NeoCAD Inc. All rights reserved.
Copyright (c) 1995 AT&T Corp.   All rights reserved.
Copyright (c) 1995-2001 Lucent Technologies Inc.  All rights reserved.
Copyright (c) 2001 Agere Systems   All rights reserved.
Copyright (c) 2002-2023 Lattice Semiconductor Corporation,  All rights reserved.

Report Information
------------------
Command line:    trce -v 1 -gt -mapchkpnt 0 -sethld -o semafor1_impl1.tw1 -gui -msgset A:/FACULTATE/PED/SEMAFOR/promote.xml semafor1_impl1_map.ncd semafor1_impl1.prf 
Design file:     semafor1_impl1_map.ncd
Preference file: semafor1_impl1.prf
Device,speed:    LCMXO3LF-6900C,6
Report level:    verbose report, limited to 1 item per preference
--------------------------------------------------------------------------------

BLOCK ASYNCPATHS
BLOCK RESETPATHS
--------------------------------------------------------------------------------



Timing summary (Setup):
---------------

Timing errors: 0  Score: 0
Cumulative negative slack: 0

Constraints cover 2303 paths, 1 nets, and 285 connections (91.94% coverage)

--------------------------------------------------------------------------------
Lattice TRACE Report - Hold, Version Diamond (64-bit) 3.13.0.56.2
Wed Jan 24 17:10:31 2024

Copyright (c) 1991-1994 by NeoCAD Inc. All rights reserved.
Copyright (c) 1995 AT&T Corp.   All rights reserved.
Copyright (c) 1995-2001 Lucent Technologies Inc.  All rights reserved.
Copyright (c) 2001 Agere Systems   All rights reserved.
Copyright (c) 2002-2023 Lattice Semiconductor Corporation,  All rights reserved.

Report Information
------------------
Command line:    trce -v 1 -gt -mapchkpnt 0 -sethld -o semafor1_impl1.tw1 -gui -msgset A:/FACULTATE/PED/SEMAFOR/promote.xml semafor1_impl1_map.ncd semafor1_impl1.prf 
Design file:     semafor1_impl1_map.ncd
Preference file: semafor1_impl1.prf
Device,speed:    LCMXO3LF-6900C,M
Report level:    verbose report, limited to 1 item per preference
--------------------------------------------------------------------------------

BLOCK ASYNCPATHS
BLOCK RESETPATHS
--------------------------------------------------------------------------------



Timing summary (Hold):
---------------

Timing errors: 0  Score: 0
Cumulative negative slack: 0

Constraints cover 2303 paths, 1 nets, and 285 connections (91.94% coverage)



Timing summary (Setup and Hold):
---------------

Timing errors: 0 (setup), 0 (hold)
Score: 0 (setup), 0 (hold)
Cumulative negative slack: 0 (0+0)
--------------------------------------------------------------------------------

--------------------------------------------------------------------------------

Total CPU Time: 0 secs 
Total REAL Time: 0 secs 
Peak Memory Usage: 66 MB


ldbanno "semafor1_impl1_map.ncd" -n Verilog -o "semafor1_impl1_mapvo.vo" -w -neg
ldbanno: version Diamond (64-bit) 3.13.0.56.2
Copyright (c) 1991-1994 by NeoCAD Inc. All rights reserved.
Copyright (c) 1995 AT&T Corp.   All rights reserved.
Copyright (c) 1995-2001 Lucent Technologies Inc.  All rights reserved.
Copyright (c) 2001 Agere Systems   All rights reserved.
Copyright (c) 2002-2023 Lattice Semiconductor Corporation,  All rights reserved.

Writing a Verilog netlist using the orca library type based on the semafor1_impl1_map design file.


Loading design for application ldbanno from file semafor1_impl1_map.ncd.
Design name: semafor1
NCD version: 3.3
Vendor:      LATTICE
Device:      LCMXO3LF-6900C
Package:     CABGA256
Performance: 6
Loading device for application ldbanno from file 'xo3c6900.nph' in environment: A:/FACULTATE/PED/diamond/3.13/ispfpga.
Package Status:                     Final          Version 1.17.
Performance Hardware Data Status:   Final          Version 37.5.
Converting design semafor1_impl1_map.ncd into .ldb format.
Writing Verilog netlist to file semafor1_impl1_mapvo.vo
Writing SDF timing to file semafor1_impl1_mapvo.sdf
    <postMsg mid="35400250" type="Info"    dynamic="1" navigation="0" arg0="0"  />
Total CPU Time: 0 secs 
Total REAL Time: 0 secs 
Peak Memory Usage: 55 MB

mpartrce -p "semafor1_impl1.p2t" -f "semafor1_impl1.p3t" -tf "semafor1_impl1.pt" "semafor1_impl1_map.ncd" "semafor1_impl1.ncd"

---- MParTrce Tool ----
Removing old design directory at request of -rem command line option to this program.
Running par. Please wait . . .

Lattice Place and Route Report for Design "semafor1_impl1_map.ncd"
Wed Jan 24 17:10:32 2024

PAR: Place And Route Diamond (64-bit) 3.13.0.56.2.
Command Line: par -w -l 5 -i 6 -t 1 -c 0 -e 0 -gui -msgset A:/FACULTATE/PED/SEMAFOR/promote.xml -exp parUseNBR=1:parCDP=0:parCDR=0:parPathBased=OFF:parASE=1 semafor1_impl1_map.ncd semafor1_impl1.dir/5_1.ncd semafor1_impl1.prf
Preference file: semafor1_impl1.prf.
Placement level-cost: 5-1.
Routing Iterations: 6

Loading design for application par from file semafor1_impl1_map.ncd.
Design name: semafor1
NCD version: 3.3
Vendor:      LATTICE
Device:      LCMXO3LF-6900C
Package:     CABGA256
Performance: 6
Loading device for application par from file 'xo3c6900.nph' in environment: A:/FACULTATE/PED/diamond/3.13/ispfpga.
Package Status:                     Final          Version 1.17.
Performance Hardware Data Status:   Final          Version 37.5.
License checked out.


Ignore Preference Error(s):  True
Device utilization summary:

   PIO (prelim)   11+4(JTAG)/336     4% used
                  11+4(JTAG)/207     7% bonded

   SLICE             41/3432          1% used

   GSR                1/1           100% used


Number of Signals: 136
Number of Connections: 310

Pin Constraint Summary:
   11 out of 11 pins locked (100% locked).

The following 1 signal is selected to use the primary clock routing resources:
    clk_c (driver: clk, clk load #: 23)


The following 2 signals are selected to use the secondary clock routing resources:
    clk_c_enable_37 (driver: SLICE_31, clk load #: 0, sr load #: 0, ce load #: 19)
    n897 (driver: SLICE_20, clk load #: 0, sr load #: 10, ce load #: 0)

Signal rst_n_c is selected as Global Set/Reset.
Starting Placer Phase 0.

Finished Placer Phase 0.  REAL time: 0 secs 

Starting Placer Phase 1.
..................
Placer score = 19167.
Finished Placer Phase 1.  REAL time: 4 secs 

Starting Placer Phase 2.
.
Placer score =  19150
Finished Placer Phase 2.  REAL time: 4 secs 


------------------ Clock Report ------------------

Global Clock Resources:
  CLK_PIN    : 1 out of 8 (12%)
  PLL        : 0 out of 2 (0%)
  DCM        : 0 out of 2 (0%)
  DCC        : 0 out of 8 (0%)

Global Clocks:
  PRIMARY "clk_c" from comp "clk" on CLK_PIN site "C8 (PT18A)", clk load = 23
  SECONDARY "clk_c_enable_37" from F1 on comp "SLICE_31" on site "R21C20D", clk load = 0, ce load = 19, sr load = 0
  SECONDARY "n897" from F1 on comp "SLICE_20" on site "R21C20B", clk load = 0, ce load = 0, sr load = 10

  PRIMARY  : 1 out of 8 (12%)
  SECONDARY: 2 out of 8 (25%)

Edge Clocks:
  No edge clock selected.

--------------- End of Clock Report ---------------


I/O Usage Summary (final):
   11 + 4(JTAG) out of 336 (4.5%) PIO sites used.
   11 + 4(JTAG) out of 207 (7.2%) bonded PIO sites used.
   Number of PIO comps: 11; differential: 0.
   Number of Vref pins used: 0.

I/O Bank Usage Summary:
+----------+---------------+------------+-----------+
| I/O Bank | Usage         | Bank Vccio | Bank Vref |
+----------+---------------+------------+-----------+
| 0        | 2 / 51 (  3%) | 3.3V       | -         |
| 1        | 8 / 52 ( 15%) | 3.3V       | -         |
| 2        | 0 / 52 (  0%) | -          | -         |
| 3        | 1 / 16 (  6%) | 3.3V       | -         |
| 4        | 0 / 16 (  0%) | -          | -         |
| 5        | 0 / 20 (  0%) | -          | -         |
+----------+---------------+------------+-----------+

Total placer CPU time: 4 secs 

Dumping design to file semafor1_impl1.dir/5_1.ncd.

0 connections routed; 310 unrouted.
Starting router resource preassignment

Completed router resource preassignment. Real time: 5 secs 

Start NBR router at 17:10:37 01/24/24

*****************************************************************
Info: NBR allows conflicts(one node used by more than one signal)
      in the earlier iterations. In each iteration, it tries to  
      solve the conflicts while keeping the critical connections 
      routed as short as possible. The routing process is said to
      be completed when no conflicts exist and all connections   
      are routed.                                                
Note: NBR uses a different method to calculate timing slacks. The
      worst slack and total negative slack may not be the same as
      that in TRCE report. You should always run TRCE to verify  
      your design.                                               
*****************************************************************

Start NBR special constraint process at 17:10:37 01/24/24

Start NBR section for initial routing at 17:10:37 01/24/24
Level 4, iteration 1
8(0.00%) conflicts; 0(0.00%) untouched conn; 0 (nbr) score; 
Estimated worst slack/total negative slack<setup>: 72.854ns/0.000ns; real time: 6 secs 

Info: Initial congestion level at 75% usage is 0
Info: Initial congestion area  at 75% usage is 0 (0.00%)

Start NBR section for normal routing at 17:10:38 01/24/24
Level 4, iteration 1
4(0.00%) conflicts; 0(0.00%) untouched conn; 0 (nbr) score; 
Estimated worst slack/total negative slack<setup>: 72.854ns/0.000ns; real time: 6 secs 
Level 4, iteration 2
3(0.00%) conflicts; 0(0.00%) untouched conn; 0 (nbr) score; 
Estimated worst slack/total negative slack<setup>: 72.854ns/0.000ns; real time: 6 secs 
Level 4, iteration 3
2(0.00%) conflicts; 0(0.00%) untouched conn; 0 (nbr) score; 
Estimated worst slack/total negative slack<setup>: 72.854ns/0.000ns; real time: 6 secs 
Level 4, iteration 4
0(0.00%) conflict; 0(0.00%) untouched conn; 0 (nbr) score; 
Estimated worst slack/total negative slack<setup>: 72.854ns/0.000ns; real time: 6 secs 

Start NBR section for setup/hold timing optimization with effort level 3 at 17:10:38 01/24/24

Start NBR section for re-routing at 17:10:38 01/24/24
Level 4, iteration 1
0(0.00%) conflict; 0(0.00%) untouched conn; 0 (nbr) score; 
Estimated worst slack/total negative slack<setup>: 72.854ns/0.000ns; real time: 6 secs 

Start NBR section for post-routing at 17:10:38 01/24/24

End NBR router with 0 unrouted connection

NBR Summary
-----------
  Number of unrouted connections : 0 (0.00%)
  Number of connections with timing violations : 0 (0.00%)
  Estimated worst slack<setup> : 72.854ns
  Timing score<setup> : 0
-----------
Notes: The timing info is calculated for SETUP only and all PAR_ADJs are ignored.



Total CPU time 6 secs 
Total REAL time: 6 secs 
Completely routed.
End of route.  310 routed (100.00%); 0 unrouted.

Hold time timing score: 0, hold timing errors: 0

Timing score: 0 

Dumping design to file semafor1_impl1.dir/5_1.ncd.


PAR_SUMMARY::Run status = Completed
PAR_SUMMARY::Number of unrouted conns = 0
PAR_SUMMARY::Worst  slack<setup/<ns>> = 72.854
PAR_SUMMARY::Timing score<setup/<ns>> = 0.000
PAR_SUMMARY::Worst  slack<hold /<ns>> = 0.299
PAR_SUMMARY::Timing score<hold /<ns>> = 0.000
PAR_SUMMARY::Number of errors = 0

Total CPU  time to completion: 6 secs 
Total REAL time to completion: 6 secs 

par done!

Note: user must run 'Trace' for timing closure signoff.

Copyright (c) 1991-1994 by NeoCAD Inc. All rights reserved.
Copyright (c) 1995 AT&T Corp.   All rights reserved.
Copyright (c) 1995-2001 Lucent Technologies Inc.  All rights reserved.
Copyright (c) 2001 Agere Systems   All rights reserved.
Copyright (c) 2002-2023 Lattice Semiconductor Corporation,  All rights reserved.
Exiting par with exit code 0
Exiting mpartrce with exit code 0

trce -f "semafor1_impl1.pt" -o "semafor1_impl1.twr" "semafor1_impl1.ncd" "semafor1_impl1.prf"
trce:  version Diamond (64-bit) 3.13.0.56.2

Copyright (c) 1991-1994 by NeoCAD Inc. All rights reserved.
Copyright (c) 1995 AT&T Corp.   All rights reserved.
Copyright (c) 1995-2001 Lucent Technologies Inc.  All rights reserved.
Copyright (c) 2001 Agere Systems   All rights reserved.
Copyright (c) 2002-2023 Lattice Semiconductor Corporation,  All rights reserved.

Loading design for application trce from file semafor1_impl1.ncd.
Design name: semafor1
NCD version: 3.3
Vendor:      LATTICE
Device:      LCMXO3LF-6900C
Package:     CABGA256
Performance: 6
Loading device for application trce from file 'xo3c6900.nph' in environment: A:/FACULTATE/PED/diamond/3.13/ispfpga.
Package Status:                     Final          Version 1.17.
Performance Hardware Data Status:   Final          Version 37.5.
Setup and Hold Report

--------------------------------------------------------------------------------
Lattice TRACE Report - Setup, Version Diamond (64-bit) 3.13.0.56.2
Wed Jan 24 17:10:39 2024

Copyright (c) 1991-1994 by NeoCAD Inc. All rights reserved.
Copyright (c) 1995 AT&T Corp.   All rights reserved.
Copyright (c) 1995-2001 Lucent Technologies Inc.  All rights reserved.
Copyright (c) 2001 Agere Systems   All rights reserved.
Copyright (c) 2002-2023 Lattice Semiconductor Corporation,  All rights reserved.

Report Information
------------------
Command line:    trce -v 10 -gt -sethld -sp 6 -sphld m -o semafor1_impl1.twr -gui -msgset A:/FACULTATE/PED/SEMAFOR/promote.xml semafor1_impl1.ncd semafor1_impl1.prf 
Design file:     semafor1_impl1.ncd
Preference file: semafor1_impl1.prf
Device,speed:    LCMXO3LF-6900C,6
Report level:    verbose report, limited to 10 items per preference
--------------------------------------------------------------------------------

BLOCK ASYNCPATHS
BLOCK RESETPATHS
--------------------------------------------------------------------------------



Timing summary (Setup):
---------------

Timing errors: 0  Score: 0
Cumulative negative slack: 0

Constraints cover 2303 paths, 1 nets, and 285 connections (91.94% coverage)

--------------------------------------------------------------------------------
Lattice TRACE Report - Hold, Version Diamond (64-bit) 3.13.0.56.2
Wed Jan 24 17:10:39 2024

Copyright (c) 1991-1994 by NeoCAD Inc. All rights reserved.
Copyright (c) 1995 AT&T Corp.   All rights reserved.
Copyright (c) 1995-2001 Lucent Technologies Inc.  All rights reserved.
Copyright (c) 2001 Agere Systems   All rights reserved.
Copyright (c) 2002-2023 Lattice Semiconductor Corporation,  All rights reserved.

Report Information
------------------
Command line:    trce -v 10 -gt -sethld -sp 6 -sphld m -o semafor1_impl1.twr -gui -msgset A:/FACULTATE/PED/SEMAFOR/promote.xml semafor1_impl1.ncd semafor1_impl1.prf 
Design file:     semafor1_impl1.ncd
Preference file: semafor1_impl1.prf
Device,speed:    LCMXO3LF-6900C,m
Report level:    verbose report, limited to 10 items per preference
--------------------------------------------------------------------------------

BLOCK ASYNCPATHS
BLOCK RESETPATHS
--------------------------------------------------------------------------------



Timing summary (Hold):
---------------

Timing errors: 0  Score: 0
Cumulative negative slack: 0

Constraints cover 2303 paths, 1 nets, and 285 connections (91.94% coverage)



Timing summary (Setup and Hold):
---------------

Timing errors: 0 (setup), 0 (hold)
Score: 0 (setup), 0 (hold)
Cumulative negative slack: 0 (0+0)
--------------------------------------------------------------------------------

--------------------------------------------------------------------------------

Total CPU Time: 0 secs 
Total REAL Time: 0 secs 
Peak Memory Usage: 66 MB


tmcheck -par "semafor1_impl1.par" 

bitgen -f "semafor1_impl1.t2b" -w "semafor1_impl1.ncd"  -jedec "semafor1_impl1.prf"


BITGEN: Bitstream Generator Diamond (64-bit) 3.13.0.56.2
Copyright (c) 1991-1994 by NeoCAD Inc. All rights reserved.
Copyright (c) 1995 AT&T Corp.   All rights reserved.
Copyright (c) 1995-2001 Lucent Technologies Inc.  All rights reserved.
Copyright (c) 2001 Agere Systems   All rights reserved.
Copyright (c) 2002-2023 Lattice Semiconductor Corporation,  All rights reserved.


Loading design for application Bitgen from file semafor1_impl1.ncd.
Design name: semafor1
NCD version: 3.3
Vendor:      LATTICE
Device:      LCMXO3LF-6900C
Package:     CABGA256
Performance: 6
Loading device for application Bitgen from file 'xo3c6900.nph' in environment: A:/FACULTATE/PED/diamond/3.13/ispfpga.
Package Status:                     Final          Version 1.17.
Performance Hardware Data Status:   Final          Version 37.5.

Running DRC.
DRC detected 0 errors and 0 warnings.
Reading Preference File from semafor1_impl1.prf.
    <postMsg mid="1009992" type="Info"    dynamic="1" navigation="0" arg0=" SW_XO3D_SECURITY_ENCRYPTION *NOT* controlled by xo3c00f.acd ###"  />
    <postMsg mid="1009992" type="Info"    dynamic="1" navigation="0" arg0=" SW_XO3D_SECURITY_ENCRYPTION license_securityIP OK"  />

Preference Summary:
+---------------------------------+---------------------------------+
|  Preference                     |  Current Setting                |
+---------------------------------+---------------------------------+
|                         RamCfg  |                        Reset**  |
+---------------------------------+---------------------------------+
|                     MCCLK_FREQ  |                         2.08**  |
+---------------------------------+---------------------------------+
|                  CONFIG_SECURE  |                          OFF**  |
+---------------------------------+---------------------------------+
|                          INBUF  |                           ON**  |
+---------------------------------+---------------------------------+
|                      JTAG_PORT  |                       ENABLE**  |
+---------------------------------+---------------------------------+
|                       SDM_PORT  |                      DISABLE**  |
+---------------------------------+---------------------------------+
|                 SLAVE_SPI_PORT  |                      DISABLE**  |
+---------------------------------+---------------------------------+
|                MASTER_SPI_PORT  |                      DISABLE**  |
+---------------------------------+---------------------------------+
|                       I2C_PORT  |                      DISABLE**  |
+---------------------------------+---------------------------------+
|        MUX_CONFIGURATION_PORTS  |                      DISABLE**  |
+---------------------------------+---------------------------------+
|                  CONFIGURATION  |                          CFG**  |
+---------------------------------+---------------------------------+
|                COMPRESS_CONFIG  |                           ON**  |
+---------------------------------+---------------------------------+
|                        MY_ASSP  |                          OFF**  |
+---------------------------------+---------------------------------+
|               ONE_TIME_PROGRAM  |                          OFF**  |
+---------------------------------+---------------------------------+
|                 ENABLE_TRANSFR  |                      DISABLE**  |
+---------------------------------+---------------------------------+
|                  SHAREDEBRINIT  |                      DISABLE**  |
+---------------------------------+---------------------------------+
|            BACKGROUND_RECONFIG  |                          OFF**  |
+---------------------------------+---------------------------------+
|                 DUALBOOTGOLDEN  |                     INTERNAL**  |
+---------------------------------+---------------------------------+
 *  Default setting.
 ** The specified setting matches the default setting.


Creating bit map...
 
Bitstream Status: Final           Version 1.95.
 
Saving bit stream in "semafor1_impl1.jed".
 
===========
UFM Summary.
===========
UFM Size:        2046 Pages (128*2046 Bits).
UFM Utilization: General Purpose Flash Memory.
 
Available General Purpose Flash Memory: 2046 Pages (Page 0 to Page 2045).
Initialized UFM Pages:                     0 Page.
 
=========
Padding summary
=========
Padded 1236224 bits for this design


Total CPU Time: 2 secs 
Total REAL Time: 2 secs 
Peak Memory Usage: 290 MB
