synthesis:  version Diamond (64-bit) 3.13.0.56.2

Copyright (c) 1991-1994 by NeoCAD Inc. All rights reserved.
Copyright (c) 1995 AT&T Corp.   All rights reserved.
Copyright (c) 1995-2001 Lucent Technologies Inc.  All rights reserved.
Copyright (c) 2001 Agere Systems   All rights reserved.
Copyright (c) 2002-2023 Lattice Semiconductor Corporation,  All rights reserved.
Wed Jan 24 17:10:29 2024


Command Line:  synthesis -f semafor1_impl1_lattice.synproj -gui -msgset A:/FACULTATE/PED/SEMAFOR/promote.xml 

Synthesis options:
The -a option is MachXO3LF.
The -s option is 6.
The -t option is CABGA256.
The -d option is LCMXO3LF-6900C.
Using package CABGA256.
Using performance grade 6.
                                                          

##########################################################

### Lattice Family : MachXO3LF

### Device  : LCMXO3LF-6900C

### Package : CABGA256

### Speed   : 6

##########################################################

                                                          

INFO - synthesis: User-Selected Strategy Settings
Optimization goal = Balanced
Top-level module name = semafor1.
Target frequency = 200.000000 MHz.
Maximum fanout = 1000.
Timing path count = 3
BRAM utilization = 100.000000 %
DSP usage = true
DSP utilization = 100.000000 %
fsm_encoding_style = auto
resolve_mixed_drivers = 0
fix_gated_clocks = 1

Mux style = Auto
Use Carry Chain = true
carry_chain_length = 0
Loop Limit = 1950.
Use IO Insertion = TRUE
Use IO Reg = AUTO

Resource Sharing = TRUE
Propagate Constants = TRUE
Remove Duplicate Registers = TRUE
force_gsr = auto
ROM style = auto
RAM style = auto
The -comp option is FALSE.
The -syn option is FALSE.
-p A:/FACULTATE/PED/SEMAFOR (searchpath added)
-p A:/FACULTATE/PED/diamond/3.13/ispfpga/xo3c00f/data (searchpath added)
-p A:/FACULTATE/PED/SEMAFOR/impl1 (searchpath added)
-p A:/FACULTATE/PED/SEMAFOR (searchpath added)
Verilog design file = A:/FACULTATE/PED/SEMAFOR/impl1/source/semafor1.v
NGD file = semafor1_impl1.ngd
-sdc option: SDC file input not used.
-lpf option: Output file option is ON.
Hardtimer checking is enabled (default). The -dt option is not used.
The -r option is OFF. [ Remove LOC Properties is OFF. ]
Technology check ok...

Analyzing Verilog file A:/FACULTATE/PED/diamond/3.13/ispfpga/userware/NT/SYNTHESIS_HEADERS/machxo3l.v. VERI-1482
Compile design.
Compile Design Begin
Analyzing Verilog file a:/facultate/ped/semafor/impl1/source/semafor1.v. VERI-1482
Analyzing Verilog file A:/FACULTATE/PED/diamond/3.13/ispfpga/userware/NT/SYNTHESIS_HEADERS/machxo3l.v. VERI-1482
Top module name (Verilog): semafor1
INFO - synthesis: a:/facultate/ped/semafor/impl1/source/semafor1.v(1): compiling module semafor1. VERI-1018
Loading NGL library 'A:/FACULTATE/PED/diamond/3.13/ispfpga/xo2c00a/data/xo2alib.ngl'...
Loading NGL library 'A:/FACULTATE/PED/diamond/3.13/ispfpga/xo2c00/data/xo2clib.ngl'...
Loading NGL library 'A:/FACULTATE/PED/diamond/3.13/ispfpga/mg5g00/data/mg5glib.ngl'...
Loading NGL library 'A:/FACULTATE/PED/diamond/3.13/ispfpga/or5g00/data/orc5glib.ngl'...
Loading device for application map from file 'xo3c6900.nph' in environment: A:/FACULTATE/PED/diamond/3.13/ispfpga.
Package Status:                     Final          Version 1.17.
Top-level module name = semafor1.



WARNING - synthesis: a:/facultate/ped/semafor/impl1/source/semafor1.v(80): Register next_state_i0_i2 is stuck at Zero. VDB-5013
GSR instance connected to net rst_n_c.
Applying 200.000000 MHz constraint to all clocks

WARNING - synthesis: No user .sdc file.
Results of NGD DRC are available in semafor1_drc.log.
Loading NGL library 'A:/FACULTATE/PED/diamond/3.13/ispfpga/xo2c00a/data/xo2alib.ngl'...
Loading NGL library 'A:/FACULTATE/PED/diamond/3.13/ispfpga/xo2c00/data/xo2clib.ngl'...
Loading NGL library 'A:/FACULTATE/PED/diamond/3.13/ispfpga/mg5g00/data/mg5glib.ngl'...
Loading NGL library 'A:/FACULTATE/PED/diamond/3.13/ispfpga/or5g00/data/orc5glib.ngl'...
All blocks are expanded and NGD expansion is successful.
Writing NGD file semafor1_impl1.ngd.

################### Begin Area Report (semafor1)######################
Number of register bits => 37 of 7485 (0 % )
CCU2D => 17
FD1P3AX => 22
FD1P3IX => 15
GSR => 1
IB => 3
LUT4 => 47
OB => 8
################### End Area Report ##################

################### Begin BlackBox Report ######################
TSALL => 1
################### End BlackBox Report ##################

################### Begin Clock Report ######################
Clock Nets
Number of Clocks: 1
  Net : clk_c, loads : 37
Clock Enable Nets
Number of Clock Enables: 5
Top 5 highest fanout Clock Enables:
  Net : clk_c_enable_37, loads : 32
  Net : clk_c_enable_17, loads : 2
  Net : clk_c_enable_10, loads : 1
  Net : clk_c_enable_29, loads : 1
  Net : clk_c_enable_34, loads : 1
Highest fanout non-clock nets
Top 10 highest fanout non-clock nets:
  Net : clk_c_enable_37, loads : 32
  Net : current_state_1, loads : 30
  Net : n63, loads : 25
  Net : current_state_0, loads : 24
  Net : n897, loads : 15
  Net : rst_n_c, loads : 6
  Net : btn_c, loads : 6
  Net : n1117, loads : 3
  Net : timer_31, loads : 2
  Net : timer_30, loads : 2
################### End Clock Report ##################

Timing Report Summary
--------------
--------------------------------------------------------------------------------
Constraint                              |   Constraint|       Actual|Levels
--------------------------------------------------------------------------------
                                        |             |             |
create_clock -period 5.000000 -name     |             |             |
clk0 [get_nets clk_c]                   |  200.000 MHz|  122.444 MHz|     6 *
                                        |             |             |
--------------------------------------------------------------------------------


1 constraints not met.


Peak Memory Usage: 61.410  MB

--------------------------------------------------------------
Elapsed CPU time for LSE flow : 0.531  secs
--------------------------------------------------------------
